# JRE version: Java(TM) SE Runtime Environment (8.0_73-b02) (build 1.8.0_73-b02)
# Java VM: Java HotSpot(TM) 64-Bit Server VM (25.73-b02 mixed mode windows-amd64 compressed oops)
Heap:
 PSYoungGen      total 63488K, used 14441K [0x00000000e0000000, 0x00000000e4b00000, 0x0000000100000000)
  eden space 52224K, 19% used [0x00000000e0000000,0x00000000e09dc048,0x00000000e3300000)
  from space 11264K, 38% used [0x00000000e3e00000,0x00000000e423e618,0x00000000e4900000)
  to   space 11264K, 0% used [0x00000000e3300000,0x00000000e3300000,0x00000000e3e00000)
 ParOldGen       total 125440K, used 16900K [0x00000000a0000000, 0x00000000a7a80000, 0x00000000e0000000)
  object space 125440K, 13% used [0x00000000a0000000,0x00000000a1081020,0x00000000a7a80000)
 Metaspace       used 37399K, capacity 38134K, committed 38360K, reserved 1083392K
  class space    used 5101K, capacity 5316K, committed 5376K, reserved 1048576K
GC Heap History (10 events):
Event: 8.181 GC heap before
{Heap before GC invocations=8 (full 1):
 PSYoungGen      total 49664K, used 45584K [0x00000000e0000000, 0x00000000e3b80000, 0x0000000100000000)
  eden space 39424K, 100% used [0x00000000e0000000,0x00000000e2680000,0x00000000e2680000)
  from space 10240K, 60% used [0x00000000e3180000,0x00000000e3784018,0x00000000e3b80000)
  to   space 10752K, 0% used [0x00000000e2680000,0x00000000e2680000,0x00000000e3100000)
 ParOldGen       total 76288K, used 9554K [0x00000000a0000000, 0x00000000a4a80000, 0x00000000e0000000)
  object space 76288K, 12% used [0x00000000a0000000,0x00000000a09549c8,0x00000000a4a80000)
 Metaspace       used 29620K, capacity 30168K, committed 30464K, reserved 1075200K
  class space    used 4144K, capacity 4308K, committed 4352K, reserved 1048576K
Event: 8.193 GC heap after
Heap after GC invocations=8 (full 1):
 PSYoungGen      total 50176K, used 6489K [0x00000000e0000000, 0x00000000e4180000, 0x0000000100000000)
  eden space 39424K, 0% used [0x00000000e0000000,0x00000000e0000000,0x00000000e2680000)
  from space 10752K, 60% used [0x00000000e2680000,0x00000000e2cd65f8,0x00000000e3100000)
  to   space 10240K, 0% used [0x00000000e3780000,0x00000000e3780000,0x00000000e4180000)
 ParOldGen       total 76288K, used 9626K [0x00000000a0000000, 0x00000000a4a80000, 0x00000000e0000000)
  object space 76288K, 12% used [0x00000000a0000000,0x00000000a09669d8,0x00000000a4a80000)
 Metaspace       used 29620K, capacity 30168K, committed 30464K, reserved 1075200K
  class space    used 4144K, capacity 4308K, committed 4352K, reserved 1048576K
}
Event: 9.658 GC heap before
{Heap before GC invocations=9 (full 1):
 PSYoungGen      total 50176K, used 45913K [0x00000000e0000000, 0x00000000e4180000, 0x0000000100000000)
  eden space 39424K, 100% used [0x00000000e0000000,0x00000000e2680000,0x00000000e2680000)
  from space 10752K, 60% used [0x00000000e2680000,0x00000000e2cd65f8,0x00000000e3100000)
  to   space 10240K, 0% used [0x00000000e3780000,0x00000000e3780000,0x00000000e4180000)
 ParOldGen       total 76288K, used 9626K [0x00000000a0000000, 0x00000000a4a80000, 0x00000000e0000000)
  object space 76288K, 12% used [0x00000000a0000000,0x00000000a09669d8,0x00000000a4a80000)
 Metaspace       used 30324K, capacity 30914K, committed 31104K, reserved 1075200K
  class space    used 4224K, capacity 4385K, committed 4480K, reserved 1048576K
Event: 9.670 GC heap after
Heap after GC invocations=9 (full 1):
 PSYoungGen      total 54784K, used 6866K [0x00000000e0000000, 0x00000000e4000000, 0x0000000100000000)
  eden space 46080K, 0% used [0x00000000e0000000,0x00000000e0000000,0x00000000e2d00000)
  from space 8704K, 78% used [0x00000000e3780000,0x00000000e3e34970,0x00000000e4000000)
  to   space 9728K, 0% used [0x00000000e2d00000,0x00000000e2d00000,0x00000000e3680000)
 ParOldGen       total 76288K, used 9626K [0x00000000a0000000, 0x00000000a4a80000, 0x00000000e0000000)
  object space 76288K, 12% used [0x00000000a0000000,0x00000000a09669d8,0x00000000a4a80000)
 Metaspace       used 30324K, capacity 30914K, committed 31104K, reserved 1075200K
  class space    used 4224K, capacity 4385K, committed 4480K, reserved 1048576K
}
Event: 10.169 GC heap before
{Heap before GC invocations=10 (full 1):
 PSYoungGen      total 54784K, used 37247K [0x00000000e0000000, 0x00000000e4000000, 0x0000000100000000)
  eden space 46080K, 65% used [0x00000000e0000000,0x00000000e1dab5d0,0x00000000e2d00000)
  from space 8704K, 78% used [0x00000000e3780000,0x00000000e3e34970,0x00000000e4000000)
  to   space 9728K, 0% used [0x00000000e2d00000,0x00000000e2d00000,0x00000000e3680000)
 ParOldGen       total 76288K, used 9626K [0x00000000a0000000, 0x00000000a4a80000, 0x00000000e0000000)
  object space 76288K, 12% used [0x00000000a0000000,0x00000000a09669d8,0x00000000a4a80000)
 Metaspace       used 34569K, capacity 35266K, committed 35416K, reserved 1079296K
  class space    used 4757K, capacity 4948K, committed 4992K, reserved 1048576K
Event: 10.183 GC heap after
Heap after GC invocations=10 (full 1):
 PSYoungGen      total 55808K, used 9709K [0x00000000e0000000, 0x00000000e4900000, 0x0000000100000000)
  eden space 46080K, 0% used [0x00000000e0000000,0x00000000e0000000,0x00000000e2d00000)
  from space 9728K, 99% used [0x00000000e2d00000,0x00000000e367b668,0x00000000e3680000)
  to   space 11264K, 0% used [0x00000000e3e00000,0x00000000e3e00000,0x00000000e4900000)
 ParOldGen       total 76288K, used 10454K [0x00000000a0000000, 0x00000000a4a80000, 0x00000000e0000000)
  object space 76288K, 13% used [0x00000000a0000000,0x00000000a0a35960,0x00000000a4a80000)
 Metaspace       used 34569K, capacity 35266K, committed 35416K, reserved 1079296K
  class space    used 4757K, capacity 4948K, committed 4992K, reserved 1048576K
}
Event: 10.183 GC heap before
{Heap before GC invocations=11 (full 2):
 PSYoungGen      total 55808K, used 9709K [0x00000000e0000000, 0x00000000e4900000, 0x0000000100000000)
  eden space 46080K, 0% used [0x00000000e0000000,0x00000000e0000000,0x00000000e2d00000)
  from space 9728K, 99% used [0x00000000e2d00000,0x00000000e367b668,0x00000000e3680000)
  to   space 11264K, 0% used [0x00000000e3e00000,0x00000000e3e00000,0x00000000e4900000)
 ParOldGen       total 76288K, used 10454K [0x00000000a0000000, 0x00000000a4a80000, 0x00000000e0000000)
  object space 76288K, 13% used [0x00000000a0000000,0x00000000a0a35960,0x00000000a4a80000)
 Metaspace       used 34569K, capacity 35266K, committed 35416K, reserved 1079296K
  class space    used 4757K, capacity 4948K, committed 4992K, reserved 1048576K
Event: 10.267 GC heap after
Heap after GC invocations=11 (full 2):
 PSYoungGen      total 55808K, used 0K [0x00000000e0000000, 0x00000000e4900000, 0x0000000100000000)
  eden space 46080K, 0% used [0x00000000e0000000,0x00000000e0000000,0x00000000e2d00000)
  from space 9728K, 0% used [0x00000000e2d00000,0x00000000e2d00000,0x00000000e3680000)
  to   space 11264K, 0% used [0x00000000e3e00000,0x00000000e3e00000,0x00000000e4900000)
 ParOldGen       total 125440K, used 16892K [0x00000000a0000000, 0x00000000a7a80000, 0x00000000e0000000)
  object space 125440K, 13% used [0x00000000a0000000,0x00000000a107f020,0x00000000a7a80000)
 Metaspace       used 34569K, capacity 35266K, committed 35416K, reserved 1079296K
  class space    used 4757K, capacity 4948K, committed 4992K, reserved 1048576K
}
Event: 10.760 GC heap before
{Heap before GC invocations=12 (full 2):
 PSYoungGen      total 55808K, used 46080K [0x00000000e0000000, 0x00000000e4900000, 0x0000000100000000)
  eden space 46080K, 100% used [0x00000000e0000000,0x00000000e2d00000,0x00000000e2d00000)
  from space 9728K, 0% used [0x00000000e2d00000,0x00000000e2d00000,0x00000000e3680000)
  to   space 11264K, 0% used [0x00000000e3e00000,0x00000000e3e00000,0x00000000e4900000)
 ParOldGen       total 125440K, used 16892K [0x00000000a0000000, 0x00000000a7a80000, 0x00000000e0000000)
  object space 125440K, 13% used [0x00000000a0000000,0x00000000a107f020,0x00000000a7a80000)
 Metaspace       used 37398K, capacity 38134K, committed 38360K, reserved 1083392K
  class space    used 5101K, capacity 5316K, committed 5376K, reserved 1048576K
Event: 10.767 GC heap after
Heap after GC invocations=12 (full 2):
 PSYoungGen      total 63488K, used 4345K [0x00000000e0000000, 0x00000000e4b00000, 0x0000000100000000)
  eden space 52224K, 0% used [0x00000000e0000000,0x00000000e0000000,0x00000000e3300000)
  from space 11264K, 38% used [0x00000000e3e00000,0x00000000e423e618,0x00000000e4900000)
  to   space 11264K, 0% used [0x00000000e3300000,0x00000000e3300000,0x00000000e3e00000)
 ParOldGen       total 125440K, used 16900K [0x00000000a0000000, 0x00000000a7a80000, 0x00000000e0000000)
  object space 125440K, 13% used [0x00000000a0000000,0x00000000a1081020,0x00000000a7a80000)
 Metaspace       used 37398K, capacity 38134K, committed 38360K, reserved 1083392K
  class space    used 5101K, capacity 5316K, committed 5376K, reserved 1048576K
}

